<?xml version="1.0" encoding="UTF-8"?><testsuite errors="0" failures="0" name="com.gorest.testsuite.UserCRUDTest" skipped="0" tests="4" time="6.98" timestamp="2023-01-10T22:26:51.321Z[Europe/London]"><testcase classname="com.gorest.testsuite.UserCRUDTest" name="This test will Create a new User"/><testcase classname="com.gorest.testsuite.UserCRUDTest" name="This test will verify user added successfully"/><testcase classname="com.gorest.testsuite.UserCRUDTest" name="This test will update user details"/><testcase classname="com.gorest.testsuite.UserCRUDTest" name="This test will delete user"/></testsuite>